<?xml version="1.0" encoding="UTF-8"?>
<testsuite xmlns:xsi="http://www.w3.org/2001/XMLSchema-instance" xsi:noNamespaceSchemaLocation="https://maven.apache.org/surefire/maven-surefire-plugin/xsd/surefire-test-report.xsd" name="br.ifmt.cba.negocio.CilindroTest" time="0" tests="4" errors="0" skipped="0" failures="0">
  <properties>
[...]
</properties>
  <testcase name="quandoCirculoNull" classname="br.ifmt.cba.negocio.CilindroTest" time="0"/>
  <testcase name="quandoAlturaMenorOuIgualZero" classname="br.ifmt.cba.negocio.CilindroTest" time="0"/>
  <testcase name="quandoRaioMenorOuIgualZero" classname="br.ifmt.cba.negocio.CilindroTest" time="0"/>
  <testcase name="quandoTodosDadosCorretos" classname="br.ifmt.cba.negocio.CilindroTest" time="0"/>
</testsuite>