<?xml version="1.0" encoding="UTF-8"?>
<testsuite xmlns:xsi="http://www.w3.org/2001/XMLSchema-instance" xsi:noNamespaceSchemaLocation="https://maven.apache.org/surefire/maven-surefire-plugin/xsd/surefire-test-report.xsd" name="br.ifmt.cba.negocio.AlunoNegocioIntegracaoTest" time="0.148" tests="4" errors="2" skipped="0" failures="0">
  <properties>
[...]
</properties>
  <testcase name="testExcluir" classname="br.ifmt.cba.negocio.AlunoNegocioIntegracaoTest" time="0">
    <error message="Index 0 out of bounds for length 0" type="java.lang.IndexOutOfBoundsException">java.lang.IndexOutOfBoundsException: Index 0 out of bounds for length 0
	at br.ifmt.cba.negocio.AlunoNegocioIntegracaoTest.testExcluir(AlunoNegocioIntegracaoTest.java:61)
</error>
  </testcase>
  <testcase name="testAlterar" classname="br.ifmt.cba.negocio.AlunoNegocioIntegracaoTest" time="0"/>
  <testcase name="testInserir" classname="br.ifmt.cba.negocio.AlunoNegocioIntegracaoTest" time="0.015"/>
  <testcase name="br.ifmt.cba.negocio.AlunoNegocioIntegracaoTest" classname="br.ifmt.cba.negocio.AlunoNegocioIntegracaoTest" time="0.015">
    <error message="Cannot invoke &quot;br.ifmt.cba.persistencia.DAO.desconectarBD()&quot; because the return value of &quot;br.ifmt.cba.negocio.AlunoNegocio.getAlunoDAO()&quot; is null" type="java.lang.NullPointerException">java.lang.NullPointerException: Cannot invoke "br.ifmt.cba.persistencia.DAO.desconectarBD()" because the return value of "br.ifmt.cba.negocio.AlunoNegocio.getAlunoDAO()" is null
	at br.ifmt.cba.negocio.AlunoNegocioIntegracaoTest.finalizacao(AlunoNegocioIntegracaoTest.java:34)
</error>
  </testcase>
</testsuite>